{"C:\\Users\\TAYO\\Desktop\\ECX BACKEND\\Week 3 exercises\\src\\controller\\user.controller.ts": {"path":"C:\\Users\\TAYO\\Desktop\\ECX BACKEND\\Week 3 exercises\\src\\controller\\user.controller.ts","statementMap":{"0":{"start":{"line":19,"column":0},"end":{"line":19,"column":22}},"1":{"start":{"line":61,"column":0},"end":{"line":61,"column":22}},"2":{"start":{"line":90,"column":0},"end":{"line":90,"column":22}},"3":{"start":{"line":2,"column":0},"end":{"line":2,"column":85}},"4":{"start":{"line":3,"column":0},"end":{"line":3,"column":49}},"5":{"start":{"line":4,"column":0},"end":{"line":4,"column":31}},"6":{"start":{"line":5,"column":0},"end":{"line":5,"column":30}},"7":{"start":{"line":6,"column":0},"end":{"line":6,"column":32}},"8":{"start":{"line":7,"column":0},"end":{"line":7,"column":33}},"9":{"start":{"line":8,"column":0},"end":{"line":8,"column":73}},"10":{"start":{"line":10,"column":0},"end":{"line":10,"column":16}},"11":{"start":{"line":20,"column":18},"end":{"line":20,"column":51}},"12":{"start":{"line":21,"column":2},"end":{"line":26,"column":3}},"13":{"start":{"line":22,"column":4},"end":{"line":24,"column":null}},"14":{"start":{"line":25,"column":4},"end":{"line":25,"column":10}},"15":{"start":{"line":27,"column":2},"end":{"line":57,"column":3}},"16":{"start":{"line":28,"column":49},"end":{"line":28,"column":57}},"17":{"start":{"line":30,"column":23},"end":{"line":30,"column":55}},"18":{"start":{"line":31,"column":4},"end":{"line":33,"column":5}},"19":{"start":{"line":32,"column":6},"end":{"line":32,"column":null}},"20":{"start":{"line":34,"column":17},"end":{"line":34,"column":41}},"21":{"start":{"line":35,"column":27},"end":{"line":35,"column":60}},"22":{"start":{"line":36,"column":20},"end":{"line":41,"column":6}},"23":{"start":{"line":42,"column":4},"end":{"line":53,"column":5}},"24":{"start":{"line":43,"column":6},"end":{"line":43,"column":null}},"25":{"start":{"line":44,"column":6},"end":{"line":49,"column":null}},"26":{"start":{"line":52,"column":6},"end":{"line":52,"column":null}},"27":{"start":{"line":56,"column":4},"end":{"line":56,"column":null}},"28":{"start":{"line":62,"column":18},"end":{"line":62,"column":48}},"29":{"start":{"line":63,"column":2},"end":{"line":68,"column":3}},"30":{"start":{"line":64,"column":4},"end":{"line":66,"column":7}},"31":{"start":{"line":67,"column":4},"end":{"line":67,"column":10}},"32":{"start":{"line":69,"column":2},"end":{"line":87,"column":3}},"33":{"start":{"line":70,"column":30},"end":{"line":70,"column":38}},"34":{"start":{"line":71,"column":17},"end":{"line":71,"column":49}},"35":{"start":{"line":72,"column":18},"end":{"line":72,"column":41}},"36":{"start":{"line":73,"column":4},"end":{"line":84,"column":5}},"37":{"start":{"line":74,"column":6},"end":{"line":74,"column":null}},"38":{"start":{"line":75,"column":6},"end":{"line":80,"column":null}},"39":{"start":{"line":82,"column":6},"end":{"line":82,"column":null}},"40":{"start":{"line":83,"column":6},"end":{"line":83,"column":null}},"41":{"start":{"line":86,"column":4},"end":{"line":86,"column":null}},"42":{"start":{"line":91,"column":2},"end":{"line":97,"column":3}},"43":{"start":{"line":92,"column":4},"end":{"line":92,"column":35}},"44":{"start":{"line":94,"column":4},"end":{"line":96,"column":7}},"45":{"start":{"line":99,"column":23},"end":{"line":125,"column":null}},"46":{"start":{"line":99,"column":80},"end":{"line":125,"column":null}},"47":{"start":{"line":100,"column":2},"end":{"line":123,"column":3}},"48":{"start":{"line":101,"column":19},"end":{"line":101,"column":36}},"49":{"start":{"line":103,"column":4},"end":{"line":106,"column":5}},"50":{"start":{"line":104,"column":6},"end":{"line":104,"column":null}},"51":{"start":{"line":105,"column":6},"end":{"line":105,"column":12}},"52":{"start":{"line":108,"column":4},"end":{"line":111,"column":5}},"53":{"start":{"line":109,"column":6},"end":{"line":109,"column":44}},"54":{"start":{"line":110,"column":6},"end":{"line":110,"column":12}},"55":{"start":{"line":115,"column":17},"end":{"line":115,"column":69}},"56":{"start":{"line":116,"column":4},"end":{"line":119,"column":5}},"57":{"start":{"line":117,"column":6},"end":{"line":117,"column":null}},"58":{"start":{"line":118,"column":6},"end":{"line":118,"column":12}},"59":{"start":{"line":120,"column":4},"end":{"line":120,"column":null}},"60":{"start":{"line":122,"column":4},"end":{"line":122,"column":null}},"61":{"start":{"line":99,"column":13},"end":{"line":99,"column":23}},"62":{"start":{"line":127,"column":24},"end":{"line":148,"column":null}},"63":{"start":{"line":127,"column":106},"end":{"line":148,"column":null}},"64":{"start":{"line":128,"column":2},"end":{"line":147,"column":3}},"65":{"start":{"line":129,"column":20},"end":{"line":129,"column":33}},"66":{"start":{"line":130,"column":43},"end":{"line":130,"column":45}},"67":{"start":{"line":132,"column":4},"end":{"line":139,"column":5}},"68":{"start":{"line":133,"column":18},"end":{"line":133,"column":39}},"69":{"start":{"line":134,"column":6},"end":{"line":137,"column":7}},"70":{"start":{"line":135,"column":8},"end":{"line":135,"column":65}},"71":{"start":{"line":136,"column":8},"end":{"line":136,"column":14}},"72":{"start":{"line":138,"column":6},"end":{"line":138,"column":null}},"73":{"start":{"line":141,"column":18},"end":{"line":141,"column":67}},"74":{"start":{"line":142,"column":4},"end":{"line":142,"column":null}},"75":{"start":{"line":145,"column":4},"end":{"line":145,"column":62}},"76":{"start":{"line":146,"column":4},"end":{"line":146,"column":null}},"77":{"start":{"line":127,"column":13},"end":{"line":127,"column":24}},"78":{"start":{"line":150,"column":22},"end":{"line":153,"column":1}},"79":{"start":{"line":151,"column":28},"end":{"line":151,"column":97}},"80":{"start":{"line":152,"column":2},"end":{"line":152,"column":57}}},"fnMap":{"0":{"name":"registerUser","decl":{"start":{"line":19,"column":22},"end":{"line":19,"column":34}},"loc":{"start":{"line":19,"column":82},"end":{"line":59,"column":null}}},"1":{"name":"loginUser","decl":{"start":{"line":61,"column":22},"end":{"line":61,"column":31}},"loc":{"start":{"line":61,"column":79},"end":{"line":88,"column":null}}},"2":{"name":"getMe","decl":{"start":{"line":90,"column":22},"end":{"line":90,"column":27}},"loc":{"start":{"line":90,"column":80},"end":{"line":98,"column":2}}},"3":{"name":"(anonymous_23)","decl":{"start":{"line":99,"column":23},"end":{"line":99,"column":30}},"loc":{"start":{"line":99,"column":80},"end":{"line":125,"column":null}}},"4":{"name":"(anonymous_24)","decl":{"start":{"line":99,"column":80},"end":{"line":99,"column":null}},"loc":{"start":{"line":99,"column":80},"end":{"line":125,"column":1}}},"5":{"name":"(anonymous_25)","decl":{"start":{"line":127,"column":24},"end":{"line":127,"column":31}},"loc":{"start":{"line":127,"column":106},"end":{"line":148,"column":null}}},"6":{"name":"(anonymous_26)","decl":{"start":{"line":127,"column":106},"end":{"line":127,"column":null}},"loc":{"start":{"line":127,"column":106},"end":{"line":148,"column":1}}},"7":{"name":"(anonymous_27)","decl":{"start":{"line":150,"column":22},"end":{"line":150,"column":23}},"loc":{"start":{"line":150,"column":37},"end":{"line":153,"column":1}}}},"branchMap":{"0":{"loc":{"start":{"line":21,"column":2},"end":{"line":26,"column":3}},"type":"if","locations":[{"start":{"line":21,"column":2},"end":{"line":26,"column":3}}]},"1":{"loc":{"start":{"line":31,"column":4},"end":{"line":33,"column":5}},"type":"if","locations":[{"start":{"line":31,"column":4},"end":{"line":33,"column":5}}]},"2":{"loc":{"start":{"line":42,"column":4},"end":{"line":53,"column":5}},"type":"if","locations":[{"start":{"line":42,"column":4},"end":{"line":53,"column":5}},{"start":{"line":50,"column":11},"end":{"line":53,"column":5}}]},"3":{"loc":{"start":{"line":63,"column":2},"end":{"line":68,"column":3}},"type":"if","locations":[{"start":{"line":63,"column":2},"end":{"line":68,"column":3}}]},"4":{"loc":{"start":{"line":72,"column":32},"end":{"line":72,"column":40}},"type":"cond-expr","locations":[{"start":{"line":72,"column":36},"end":{"line":72,"column":38}},{"start":{"line":72,"column":32},"end":{"line":72,"column":40}}]},"5":{"loc":{"start":{"line":72,"column":32},"end":{"line":72,"column":38}},"type":"binary-expr","locations":[{"start":{"line":72,"column":32},"end":{"line":72,"column":38}},{"start":{"line":72,"column":32},"end":{"line":72,"column":38}}]},"6":{"loc":{"start":{"line":73,"column":4},"end":{"line":84,"column":5}},"type":"if","locations":[{"start":{"line":73,"column":4},"end":{"line":84,"column":5}},{"start":{"line":81,"column":12},"end":{"line":84,"column":5}}]},"7":{"loc":{"start":{"line":73,"column":8},"end":{"line":73,"column":63}},"type":"binary-expr","locations":[{"start":{"line":73,"column":8},"end":{"line":73,"column":12}},{"start":{"line":73,"column":17},"end":{"line":73,"column":62}}]},"8":{"loc":{"start":{"line":91,"column":2},"end":{"line":97,"column":3}},"type":"if","locations":[{"start":{"line":91,"column":2},"end":{"line":97,"column":3}},{"start":{"line":93,"column":9},"end":{"line":97,"column":3}}]},"9":{"loc":{"start":{"line":103,"column":4},"end":{"line":106,"column":5}},"type":"if","locations":[{"start":{"line":103,"column":4},"end":{"line":106,"column":5}}]},"10":{"loc":{"start":{"line":108,"column":4},"end":{"line":111,"column":5}},"type":"if","locations":[{"start":{"line":108,"column":4},"end":{"line":111,"column":5}}]},"11":{"loc":{"start":{"line":116,"column":4},"end":{"line":119,"column":5}},"type":"if","locations":[{"start":{"line":116,"column":4},"end":{"line":119,"column":5}}]},"12":{"loc":{"start":{"line":132,"column":4},"end":{"line":139,"column":5}},"type":"if","locations":[{"start":{"line":132,"column":4},"end":{"line":139,"column":5}}]},"13":{"loc":{"start":{"line":134,"column":6},"end":{"line":137,"column":7}},"type":"if","locations":[{"start":{"line":134,"column":6},"end":{"line":137,"column":7}}]},"14":{"loc":{"start":{"line":151,"column":28},"end":{"line":151,"column":97}},"type":"binary-expr","locations":[{"start":{"line":151,"column":28},"end":{"line":151,"column":50}},{"start":{"line":151,"column":54},"end":{"line":151,"column":97}}]}},"s":{"0":1,"1":1,"2":1,"3":1,"4":1,"5":1,"6":1,"7":1,"8":1,"9":1,"10":1,"11":3,"12":3,"13":0,"14":0,"15":3,"16":3,"17":3,"18":2,"19":1,"20":1,"21":1,"22":1,"23":1,"24":1,"25":1,"26":0,"27":2,"28":0,"29":0,"30":0,"31":0,"32":0,"33":0,"34":0,"35":0,"36":0,"37":0,"38":0,"39":0,"40":0,"41":0,"42":0,"43":0,"44":0,"45":1,"46":0,"47":0,"48":0,"49":0,"50":0,"51":0,"52":0,"53":0,"54":0,"55":0,"56":0,"57":0,"58":0,"59":0,"60":0,"61":1,"62":1,"63":0,"64":0,"65":0,"66":0,"67":0,"68":0,"69":0,"70":0,"71":0,"72":0,"73":0,"74":0,"75":0,"76":0,"77":1,"78":1,"79":0,"80":0},"f":{"0":3,"1":0,"2":0,"3":0,"4":0,"5":0,"6":0,"7":0},"b":{"0":[0],"1":[1],"2":[1,0],"3":[0],"4":[0,0],"5":[0,0],"6":[0,0],"7":[0,0],"8":[0,0],"9":[0],"10":[0],"11":[0],"12":[0],"13":[0],"14":[0,0]}}
,"C:\\Users\\TAYO\\Desktop\\ECX BACKEND\\Week 3 exercises\\src\\middleware\\err.middleware.ts": {"path":"C:\\Users\\TAYO\\Desktop\\ECX BACKEND\\Week 3 exercises\\src\\middleware\\err.middleware.ts","statementMap":{"0":{"start":{"line":7,"column":4},"end":{"line":7,"column":19}},"1":{"start":{"line":3,"column":11},"end":{"line":3,"column":29}},"2":{"start":{"line":4,"column":11},"end":{"line":4,"column":26}},"3":{"start":{"line":5,"column":11},"end":{"line":5,"column":27}},"4":{"start":{"line":8,"column":4},"end":{"line":8,"column":null}},"5":{"start":{"line":1,"column":0},"end":{"line":1,"column":13}},"6":{"start":{"line":14,"column":4},"end":{"line":14,"column":24}},"7":{"start":{"line":15,"column":4},"end":{"line":15,"column":27}},"8":{"start":{"line":16,"column":4},"end":{"line":16,"column":59}},"9":{"start":{"line":12,"column":0},"end":{"line":12,"column":13}}},"fnMap":{"0":{"name":"(anonymous_0)","decl":{"start":{"line":2,"column":2},"end":{"line":2,"column":null}},"loc":{"start":{"line":5,"column":31},"end":{"line":9,"column":3}}},"1":{"name":"(anonymous_1)","decl":{"start":{"line":13,"column":2},"end":{"line":13,"column":14}},"loc":{"start":{"line":13,"column":53},"end":{"line":17,"column":3}}}},"branchMap":{"0":{"loc":{"start":{"line":5,"column":11},"end":{"line":5,"column":31}},"type":"default-arg","locations":[{"start":{"line":5,"column":27},"end":{"line":5,"column":31}}]},"1":{"loc":{"start":{"line":13,"column":31},"end":{"line":13,"column":53}},"type":"default-arg","locations":[{"start":{"line":13,"column":51},"end":{"line":13,"column":53}}]}},"s":{"0":1,"1":1,"2":1,"3":1,"4":1,"5":1,"6":1,"7":1,"8":1,"9":1},"f":{"0":1,"1":1},"b":{"0":[1],"1":[1]}}
,"C:\\Users\\TAYO\\Desktop\\ECX BACKEND\\Week 3 exercises\\src\\middleware\\user.validate.middleware.ts": {"path":"C:\\Users\\TAYO\\Desktop\\ECX BACKEND\\Week 3 exercises\\src\\middleware\\user.validate.middleware.ts","statementMap":{"0":{"start":{"line":1,"column":0},"end":{"line":1,"column":22}},"1":{"start":{"line":4,"column":13},"end":{"line":10,"column":null}},"2":{"start":{"line":12,"column":13},"end":{"line":15,"column":null}},"3":{"start":{"line":17,"column":30},"end":{"line":25,"column":1}},"4":{"start":{"line":18,"column":3},"end":{"line":24,"column":null}},"5":{"start":{"line":19,"column":20},"end":{"line":19,"column":47}},"6":{"start":{"line":20,"column":4},"end":{"line":22,"column":5}},"7":{"start":{"line":21,"column":6},"end":{"line":21,"column":null}},"8":{"start":{"line":23,"column":4},"end":{"line":23,"column":null}},"9":{"start":{"line":17,"column":13},"end":{"line":17,"column":30}},"10":{"start":{"line":27,"column":13},"end":{"line":29,"column":null}},"11":{"start":{"line":31,"column":8},"end":{"line":37,"column":null}}},"fnMap":{"0":{"name":"(anonymous_1)","decl":{"start":{"line":17,"column":30},"end":{"line":17,"column":31}},"loc":{"start":{"line":17,"column":59},"end":{"line":25,"column":1}}},"1":{"name":"(anonymous_2)","decl":{"start":{"line":18,"column":10},"end":{"line":18,"column":11}},"loc":{"start":{"line":18,"column":63},"end":{"line":24,"column":4}}}},"branchMap":{"0":{"loc":{"start":{"line":20,"column":4},"end":{"line":22,"column":5}},"type":"if","locations":[{"start":{"line":20,"column":4},"end":{"line":22,"column":5}}]}},"s":{"0":1,"1":1,"2":1,"3":1,"4":0,"5":0,"6":0,"7":0,"8":0,"9":1,"10":1,"11":1},"f":{"0":0,"1":0},"b":{"0":[0]}}
,"C:\\Users\\TAYO\\Desktop\\ECX BACKEND\\Week 3 exercises\\src\\models\\user.model.ts": {"path":"C:\\Users\\TAYO\\Desktop\\ECX BACKEND\\Week 3 exercises\\src\\models\\user.model.ts","statementMap":{"0":{"start":{"line":1,"column":0},"end":{"line":1,"column":32}},"1":{"start":{"line":3,"column":19},"end":{"line":23,"column":2}},"2":{"start":{"line":24,"column":13},"end":{"line":24,"column":null}}},"fnMap":{},"branchMap":{},"s":{"0":1,"1":1,"2":1},"f":{},"b":{}}
}
