TN:
SF:src\controller\user.controller.ts
FN:19,registerUser
FN:61,loginUser
FN:90,getMe
FN:99,(anonymous_23)
FN:99,(anonymous_24)
FN:127,(anonymous_25)
FN:127,(anonymous_26)
FN:150,(anonymous_27)
FNF:8
FNH:1
FNDA:3,registerUser
FNDA:0,loginUser
FNDA:0,getMe
FNDA:0,(anonymous_23)
FNDA:0,(anonymous_24)
FNDA:0,(anonymous_25)
FNDA:0,(anonymous_26)
FNDA:0,(anonymous_27)
DA:2,1
DA:3,1
DA:4,1
DA:5,1
DA:6,1
DA:7,1
DA:8,1
DA:10,1
DA:19,1
DA:20,3
DA:21,3
DA:22,0
DA:25,0
DA:27,3
DA:28,3
DA:30,3
DA:31,2
DA:32,1
DA:34,1
DA:35,1
DA:36,1
DA:42,1
DA:43,1
DA:44,1
DA:52,0
DA:56,2
DA:61,1
DA:62,0
DA:63,0
DA:64,0
DA:67,0
DA:69,0
DA:70,0
DA:71,0
DA:72,0
DA:73,0
DA:74,0
DA:75,0
DA:82,0
DA:83,0
DA:86,0
DA:90,1
DA:91,0
DA:92,0
DA:94,0
DA:99,1
DA:100,0
DA:101,0
DA:103,0
DA:104,0
DA:105,0
DA:108,0
DA:109,0
DA:110,0
DA:115,0
DA:116,0
DA:117,0
DA:118,0
DA:120,0
DA:122,0
DA:127,1
DA:128,0
DA:129,0
DA:130,0
DA:132,0
DA:133,0
DA:134,0
DA:135,0
DA:136,0
DA:138,0
DA:141,0
DA:142,0
DA:145,0
DA:146,0
DA:150,1
DA:151,0
DA:152,0
LF:77
LH:28
BRDA:21,0,0,0
BRDA:31,1,0,1
BRDA:42,2,0,1
BRDA:42,2,1,0
BRDA:63,3,0,0
BRDA:72,4,0,0
BRDA:72,4,1,0
BRDA:72,5,0,0
BRDA:72,5,1,0
BRDA:73,6,0,0
BRDA:73,6,1,0
BRDA:73,7,0,0
BRDA:73,7,1,0
BRDA:91,8,0,0
BRDA:91,8,1,0
BRDA:103,9,0,0
BRDA:108,10,0,0
BRDA:116,11,0,0
BRDA:132,12,0,0
BRDA:134,13,0,0
BRDA:151,14,0,0
BRDA:151,14,1,0
BRF:22
BRH:2
end_of_record
TN:
SF:src\middleware\err.middleware.ts
FN:2,(anonymous_0)
FN:13,(anonymous_1)
FNF:2
FNH:2
FNDA:1,(anonymous_0)
FNDA:1,(anonymous_1)
DA:1,1
DA:3,1
DA:4,1
DA:5,1
DA:7,1
DA:8,1
DA:12,1
DA:14,1
DA:15,1
DA:16,1
LF:10
LH:10
BRDA:5,0,0,1
BRDA:13,1,0,1
BRF:2
BRH:2
end_of_record
TN:
SF:src\middleware\user.validate.middleware.ts
FN:17,(anonymous_1)
FN:18,(anonymous_2)
FNF:2
FNH:0
FNDA:0,(anonymous_1)
FNDA:0,(anonymous_2)
DA:1,1
DA:4,1
DA:12,1
DA:17,1
DA:18,0
DA:19,0
DA:20,0
DA:21,0
DA:23,0
DA:27,1
DA:31,1
LF:11
LH:6
BRDA:20,0,0,0
BRF:1
BRH:0
end_of_record
TN:
SF:src\models\user.model.ts
FNF:0
FNH:0
DA:1,1
DA:3,1
DA:24,1
LF:3
LH:3
BRF:0
BRH:0
end_of_record
